# JRE version: OpenJDK Runtime Environment Temurin-17.0.8.1+1 (17.0.8.1+1) (build 17.0.8.1+1)
# Java VM: OpenJDK 64-Bit Server VM Temurin-17.0.8.1+1 (17.0.8.1+1, mixed mode, tiered, compressed oops, compressed class ptrs, parallel gc, windows-amd64)
GC Precious Log:
 CPUs: 12 total, 12 available
 Memory: 15591M
 Large Page Support: Disabled
 NUMA Support: Disabled
 Compressed Oops: Enabled (32-bit)
 Alignments: Space 512K, Generation 512K, Heap 2M
 Heap Min Capacity: 100M
 Heap Initial Capacity: 100M
 Heap Max Capacity: 1G
 Pre-touch: Disabled
 Parallel Workers: 10
Heap:
 PSYoungGen      total 5632K, used 3652K [0x00000000eab00000, 0x00000000eb280000, 0x0000000100000000)
  eden space 3584K, 96% used [0x00000000eab00000,0x00000000eae61038,0x00000000eae80000)
  from space 2048K, 9% used [0x00000000eaf80000,0x00000000eafb0000,0x00000000eb180000)
  to   space 1024K, 0% used [0x00000000eb180000,0x00000000eb180000,0x00000000eb280000)
 ParOldGen       total 109056K, used 92907K [0x00000000c0000000, 0x00000000c6a80000, 0x00000000eab00000)
  object space 109056K, 85% used [0x00000000c0000000,0x00000000c5abae30,0x00000000c6a80000)
 Metaspace       used 81948K, committed 83200K, reserved 1179648K
  class space    used 8575K, committed 9152K, reserved 1048576K
GC Heap History (20 events):
Event: 1921.615 GC heap before
{Heap before GC invocations=235 (full 10):
 PSYoungGen      total 3584K, used 3584K [0x00000000eab00000, 0x00000000eb480000, 0x0000000100000000)
  eden space 2048K, 100% used [0x00000000eab00000,0x00000000ead00000,0x00000000ead00000)
  from space 1536K, 100% used [0x00000000ead00000,0x00000000eae80000,0x00000000eae80000)
  to   space 3584K, 0% used [0x00000000eb100000,0x00000000eb100000,0x00000000eb480000)
 ParOldGen       total 110080K, used 108379K [0x00000000c0000000, 0x00000000c6b80000, 0x00000000eab00000)
  object space 110080K, 98% used [0x00000000c0000000,0x00000000c69d6d38,0x00000000c6b80000)
 Metaspace       used 81923K, committed 83200K, reserved 1179648K
  class space    used 8575K, committed 9152K, reserved 1048576K
}
Event: 1921.622 GC heap after
{Heap after GC invocations=235 (full 10):
 PSYoungGen      total 4608K, used 1984K [0x00000000eab00000, 0x00000000eb300000, 0x0000000100000000)
  eden space 2560K, 0% used [0x00000000eab00000,0x00000000eab00000,0x00000000ead80000)
  from space 2048K, 96% used [0x00000000eb100000,0x00000000eb2f02f0,0x00000000eb300000)
  to   space 2560K, 0% used [0x00000000eae00000,0x00000000eae00000,0x00000000eb080000)
 ParOldGen       total 110080K, used 109872K [0x00000000c0000000, 0x00000000c6b80000, 0x00000000eab00000)
  object space 110080K, 99% used [0x00000000c0000000,0x00000000c6b4c1b8,0x00000000c6b80000)
 Metaspace       used 81923K, committed 83200K, reserved 1179648K
  class space    used 8575K, committed 9152K, reserved 1048576K
}
Event: 1921.622 GC heap before
{Heap before GC invocations=236 (full 11):
 PSYoungGen      total 4608K, used 1984K [0x00000000eab00000, 0x00000000eb300000, 0x0000000100000000)
  eden space 2560K, 0% used [0x00000000eab00000,0x00000000eab00000,0x00000000ead80000)
  from space 2048K, 96% used [0x00000000eb100000,0x00000000eb2f02f0,0x00000000eb300000)
  to   space 2560K, 0% used [0x00000000eae00000,0x00000000eae00000,0x00000000eb080000)
 ParOldGen       total 110080K, used 109872K [0x00000000c0000000, 0x00000000c6b80000, 0x00000000eab00000)
  object space 110080K, 99% used [0x00000000c0000000,0x00000000c6b4c1b8,0x00000000c6b80000)
 Metaspace       used 81923K, committed 83200K, reserved 1179648K
  class space    used 8575K, committed 9152K, reserved 1048576K
}
Event: 1921.841 GC heap after
{Heap after GC invocations=236 (full 11):
 PSYoungGen      total 5632K, used 0K [0x00000000eab00000, 0x00000000eb300000, 0x0000000100000000)
  eden space 3072K, 0% used [0x00000000eab00000,0x00000000eab00000,0x00000000eae00000)
  from space 2560K, 0% used [0x00000000eae00000,0x00000000eae00000,0x00000000eb080000)
  to   space 2560K, 0% used [0x00000000eb080000,0x00000000eb080000,0x00000000eb300000)
 ParOldGen       total 109056K, used 83247K [0x00000000c0000000, 0x00000000c6a80000, 0x00000000eab00000)
  object space 109056K, 76% used [0x00000000c0000000,0x00000000c514bf50,0x00000000c6a80000)
 Metaspace       used 81923K, committed 83200K, reserved 1179648K
  class space    used 8575K, committed 9152K, reserved 1048576K
}
Event: 1921.855 GC heap before
{Heap before GC invocations=237 (full 11):
 PSYoungGen      total 5632K, used 3072K [0x00000000eab00000, 0x00000000eb300000, 0x0000000100000000)
  eden space 3072K, 100% used [0x00000000eab00000,0x00000000eae00000,0x00000000eae00000)
  from space 2560K, 0% used [0x00000000eae00000,0x00000000eae00000,0x00000000eb080000)
  to   space 2560K, 0% used [0x00000000eb080000,0x00000000eb080000,0x00000000eb300000)
 ParOldGen       total 109056K, used 83247K [0x00000000c0000000, 0x00000000c6a80000, 0x00000000eab00000)
  object space 109056K, 76% used [0x00000000c0000000,0x00000000c514bf50,0x00000000c6a80000)
 Metaspace       used 81923K, committed 83200K, reserved 1179648K
  class space    used 8575K, committed 9152K, reserved 1048576K
}
Event: 1921.861 GC heap after
{Heap after GC invocations=237 (full 11):
 PSYoungGen      total 4608K, used 2528K [0x00000000eab00000, 0x00000000eb600000, 0x0000000100000000)
  eden space 2048K, 0% used [0x00000000eab00000,0x00000000eab00000,0x00000000ead00000)
  from space 2560K, 98% used [0x00000000eb080000,0x00000000eb2f82f0,0x00000000eb300000)
  to   space 3584K, 0% used [0x00000000ead00000,0x00000000ead00000,0x00000000eb080000)
 ParOldGen       total 109056K, used 83719K [0x00000000c0000000, 0x00000000c6a80000, 0x00000000eab00000)
  object space 109056K, 76% used [0x00000000c0000000,0x00000000c51c1f50,0x00000000c6a80000)
 Metaspace       used 81923K, committed 83200K, reserved 1179648K
  class space    used 8575K, committed 9152K, reserved 1048576K
}
Event: 1921.869 GC heap before
{Heap before GC invocations=238 (full 11):
 PSYoungGen      total 4608K, used 4576K [0x00000000eab00000, 0x00000000eb600000, 0x0000000100000000)
  eden space 2048K, 100% used [0x00000000eab00000,0x00000000ead00000,0x00000000ead00000)
  from space 2560K, 98% used [0x00000000eb080000,0x00000000eb2f82f0,0x00000000eb300000)
  to   space 3584K, 0% used [0x00000000ead00000,0x00000000ead00000,0x00000000eb080000)
 ParOldGen       total 109056K, used 83719K [0x00000000c0000000, 0x00000000c6a80000, 0x00000000eab00000)
  object space 109056K, 76% used [0x00000000c0000000,0x00000000c51c1f50,0x00000000c6a80000)
 Metaspace       used 81923K, committed 83200K, reserved 1179648K
  class space    used 8575K, committed 9152K, reserved 1048576K
}
Event: 1921.874 GC heap after
{Heap after GC invocations=238 (full 11):
 PSYoungGen      total 4096K, used 2048K [0x00000000eab00000, 0x00000000eb280000, 0x0000000100000000)
  eden space 2048K, 0% used [0x00000000eab00000,0x00000000eab00000,0x00000000ead00000)
  from space 2048K, 100% used [0x00000000ead00000,0x00000000eaf00000,0x00000000eaf00000)
  to   space 2560K, 0% used [0x00000000eb000000,0x00000000eb000000,0x00000000eb280000)
 ParOldGen       total 109056K, used 86288K [0x00000000c0000000, 0x00000000c6a80000, 0x00000000eab00000)
  object space 109056K, 79% used [0x00000000c0000000,0x00000000c5444240,0x00000000c6a80000)
 Metaspace       used 81923K, committed 83200K, reserved 1179648K
  class space    used 8575K, committed 9152K, reserved 1048576K
}
Event: 1923.810 GC heap before
{Heap before GC invocations=239 (full 11):
 PSYoungGen      total 4096K, used 3944K [0x00000000eab00000, 0x00000000eb280000, 0x0000000100000000)
  eden space 2048K, 92% used [0x00000000eab00000,0x00000000eacda248,0x00000000ead00000)
  from space 2048K, 100% used [0x00000000ead00000,0x00000000eaf00000,0x00000000eaf00000)
  to   space 2560K, 0% used [0x00000000eb000000,0x00000000eb000000,0x00000000eb280000)
 ParOldGen       total 109056K, used 86288K [0x00000000c0000000, 0x00000000c6a80000, 0x00000000eab00000)
  object space 109056K, 79% used [0x00000000c0000000,0x00000000c5444240,0x00000000c6a80000)
 Metaspace       used 81927K, committed 83200K, reserved 1179648K
  class space    used 8575K, committed 9152K, reserved 1048576K
}
Event: 1923.818 GC heap after
{Heap after GC invocations=239 (full 11):
 PSYoungGen      total 3584K, used 928K [0x00000000eab00000, 0x00000000eb100000, 0x0000000100000000)
  eden space 2560K, 0% used [0x00000000eab00000,0x00000000eab00000,0x00000000ead80000)
  from space 1024K, 90% used [0x00000000eb000000,0x00000000eb0e8000,0x00000000eb100000)
  to   space 1536K, 0% used [0x00000000eae00000,0x00000000eae00000,0x00000000eaf80000)
 ParOldGen       total 109056K, used 88264K [0x00000000c0000000, 0x00000000c6a80000, 0x00000000eab00000)
  object space 109056K, 80% used [0x00000000c0000000,0x00000000c5632240,0x00000000c6a80000)
 Metaspace       used 81927K, committed 83200K, reserved 1179648K
  class space    used 8575K, committed 9152K, reserved 1048576K
}
Event: 1923.827 GC heap before
{Heap before GC invocations=240 (full 11):
 PSYoungGen      total 3584K, used 3488K [0x00000000eab00000, 0x00000000eb100000, 0x0000000100000000)
  eden space 2560K, 100% used [0x00000000eab00000,0x00000000ead80000,0x00000000ead80000)
  from space 1024K, 90% used [0x00000000eb000000,0x00000000eb0e8000,0x00000000eb100000)
  to   space 1536K, 0% used [0x00000000eae00000,0x00000000eae00000,0x00000000eaf80000)
 ParOldGen       total 109056K, used 88264K [0x00000000c0000000, 0x00000000c6a80000, 0x00000000eab00000)
  object space 109056K, 80% used [0x00000000c0000000,0x00000000c5632240,0x00000000c6a80000)
 Metaspace       used 81927K, committed 83200K, reserved 1179648K
  class space    used 8575K, committed 9152K, reserved 1048576K
}
Event: 1923.832 GC heap after
{Heap after GC invocations=240 (full 11):
 PSYoungGen      total 4608K, used 1504K [0x00000000eab00000, 0x00000000eb600000, 0x0000000100000000)
  eden space 3072K, 0% used [0x00000000eab00000,0x00000000eab00000,0x00000000eae00000)
  from space 1536K, 97% used [0x00000000eae00000,0x00000000eaf782f0,0x00000000eaf80000)
  to   space 4096K, 0% used [0x00000000eb200000,0x00000000eb200000,0x00000000eb600000)
 ParOldGen       total 109056K, used 90029K [0x00000000c0000000, 0x00000000c6a80000, 0x00000000eab00000)
  object space 109056K, 82% used [0x00000000c0000000,0x00000000c57eb6c0,0x00000000c6a80000)
 Metaspace       used 81927K, committed 83200K, reserved 1179648K
  class space    used 8575K, committed 9152K, reserved 1048576K
}
Event: 1923.847 GC heap before
{Heap before GC invocations=241 (full 11):
 PSYoungGen      total 4608K, used 4576K [0x00000000eab00000, 0x00000000eb600000, 0x0000000100000000)
  eden space 3072K, 100% used [0x00000000eab00000,0x00000000eae00000,0x00000000eae00000)
  from space 1536K, 97% used [0x00000000eae00000,0x00000000eaf782f0,0x00000000eaf80000)
  to   space 4096K, 0% used [0x00000000eb200000,0x00000000eb200000,0x00000000eb600000)
 ParOldGen       total 109056K, used 90029K [0x00000000c0000000, 0x00000000c6a80000, 0x00000000eab00000)
  object space 109056K, 82% used [0x00000000c0000000,0x00000000c57eb6c0,0x00000000c6a80000)
 Metaspace       used 81927K, committed 83200K, reserved 1179648K
  class space    used 8575K, committed 9152K, reserved 1048576K
}
Event: 1923.851 GC heap after
{Heap after GC invocations=241 (full 11):
 PSYoungGen      total 7680K, used 3200K [0x00000000eab00000, 0x00000000eb600000, 0x0000000100000000)
  eden space 3584K, 0% used [0x00000000eab00000,0x00000000eab00000,0x00000000eae80000)
  from space 4096K, 78% used [0x00000000eb200000,0x00000000eb5202f0,0x00000000eb600000)
  to   space 3584K, 0% used [0x00000000eae80000,0x00000000eae80000,0x00000000eb200000)
 ParOldGen       total 109056K, used 91566K [0x00000000c0000000, 0x00000000c6a80000, 0x00000000eab00000)
  object space 109056K, 83% used [0x00000000c0000000,0x00000000c596b9b0,0x00000000c6a80000)
 Metaspace       used 81927K, committed 83200K, reserved 1179648K
  class space    used 8575K, committed 9152K, reserved 1048576K
}
Event: 1923.872 GC heap before
{Heap before GC invocations=242 (full 11):
 PSYoungGen      total 7680K, used 6784K [0x00000000eab00000, 0x00000000eb600000, 0x0000000100000000)
  eden space 3584K, 100% used [0x00000000eab00000,0x00000000eae80000,0x00000000eae80000)
  from space 4096K, 78% used [0x00000000eb200000,0x00000000eb5202f0,0x00000000eb600000)
  to   space 3584K, 0% used [0x00000000eae80000,0x00000000eae80000,0x00000000eb200000)
 ParOldGen       total 109056K, used 91566K [0x00000000c0000000, 0x00000000c6a80000, 0x00000000eab00000)
  object space 109056K, 83% used [0x00000000c0000000,0x00000000c596b9b0,0x00000000c6a80000)
 Metaspace       used 81928K, committed 83200K, reserved 1179648K
  class space    used 8575K, committed 9152K, reserved 1048576K
}
Event: 1923.876 GC heap after
{Heap after GC invocations=242 (full 11):
 PSYoungGen      total 7168K, used 1632K [0x00000000eab00000, 0x00000000eb480000, 0x0000000100000000)
  eden space 3584K, 0% used [0x00000000eab00000,0x00000000eab00000,0x00000000eae80000)
  from space 3584K, 45% used [0x00000000eae80000,0x00000000eb0182f0,0x00000000eb200000)
  to   space 2560K, 0% used [0x00000000eb200000,0x00000000eb200000,0x00000000eb480000)
 ParOldGen       total 109056K, used 92582K [0x00000000c0000000, 0x00000000c6a80000, 0x00000000eab00000)
  object space 109056K, 84% used [0x00000000c0000000,0x00000000c5a699b0,0x00000000c6a80000)
 Metaspace       used 81928K, committed 83200K, reserved 1179648K
  class space    used 8575K, committed 9152K, reserved 1048576K
}
Event: 1923.893 GC heap before
{Heap before GC invocations=243 (full 11):
 PSYoungGen      total 7168K, used 5216K [0x00000000eab00000, 0x00000000eb480000, 0x0000000100000000)
  eden space 3584K, 100% used [0x00000000eab00000,0x00000000eae80000,0x00000000eae80000)
  from space 3584K, 45% used [0x00000000eae80000,0x00000000eb0182f0,0x00000000eb200000)
  to   space 2560K, 0% used [0x00000000eb200000,0x00000000eb200000,0x00000000eb480000)
 ParOldGen       total 109056K, used 92582K [0x00000000c0000000, 0x00000000c6a80000, 0x00000000eab00000)
  object space 109056K, 84% used [0x00000000c0000000,0x00000000c5a699b0,0x00000000c6a80000)
 Metaspace       used 81928K, committed 83200K, reserved 1179648K
  class space    used 8575K, committed 9152K, reserved 1048576K
}
Event: 1923.896 GC heap after
{Heap after GC invocations=243 (full 11):
 PSYoungGen      total 5120K, used 1408K [0x00000000eab00000, 0x00000000eb380000, 0x0000000100000000)
  eden space 3584K, 0% used [0x00000000eab00000,0x00000000eab00000,0x00000000eae80000)
  from space 1536K, 91% used [0x00000000eb200000,0x00000000eb3602f0,0x00000000eb380000)
  to   space 2048K, 0% used [0x00000000eaf80000,0x00000000eaf80000,0x00000000eb180000)
 ParOldGen       total 109056K, used 92891K [0x00000000c0000000, 0x00000000c6a80000, 0x00000000eab00000)
  object space 109056K, 85% used [0x00000000c0000000,0x00000000c5ab6e30,0x00000000c6a80000)
 Metaspace       used 81928K, committed 83200K, reserved 1179648K
  class space    used 8575K, committed 9152K, reserved 1048576K
}
Event: 3993.800 GC heap before
{Heap before GC invocations=244 (full 11):
 PSYoungGen      total 5120K, used 4992K [0x00000000eab00000, 0x00000000eb380000, 0x0000000100000000)
  eden space 3584K, 100% used [0x00000000eab00000,0x00000000eae80000,0x00000000eae80000)
  from space 1536K, 91% used [0x00000000eb200000,0x00000000eb3602f0,0x00000000eb380000)
  to   space 2048K, 0% used [0x00000000eaf80000,0x00000000eaf80000,0x00000000eb180000)
 ParOldGen       total 109056K, used 92891K [0x00000000c0000000, 0x00000000c6a80000, 0x00000000eab00000)
  object space 109056K, 85% used [0x00000000c0000000,0x00000000c5ab6e30,0x00000000c6a80000)
 Metaspace       used 81938K, committed 83200K, reserved 1179648K
  class space    used 8575K, committed 9152K, reserved 1048576K
}
Event: 3993.803 GC heap after
{Heap after GC invocations=244 (full 11):
 PSYoungGen      total 5632K, used 192K [0x00000000eab00000, 0x00000000eb280000, 0x0000000100000000)
  eden space 3584K, 0% used [0x00000000eab00000,0x00000000eab00000,0x00000000eae80000)
  from space 2048K, 9% used [0x00000000eaf80000,0x00000000eafb0000,0x00000000eb180000)
  to   space 1024K, 0% used [0x00000000eb180000,0x00000000eb180000,0x00000000eb280000)
 ParOldGen       total 109056K, used 92907K [0x00000000c0000000, 0x00000000c6a80000, 0x00000000eab00000)
  object space 109056K, 85% used [0x00000000c0000000,0x00000000c5abae30,0x00000000c6a80000)
 Metaspace       used 81938K, committed 83200K, reserved 1179648K
  class space    used 8575K, committed 9152K, reserved 1048576K
}

